[necesario.in/index.html]
[cdn.jsdelivr.net/npm/bootstrap@5.0.0-beta1/dist/css/bootstrap.min.css]
[cdnjs.cloudflare.com/ajax/libs/font-awesome/5.15.1/css/all.min.css]
[cdnjs.cloudflare.com/ajax/libs/aos/2.3.4/aos.css]
[cdnjs.cloudflare.com/ajax/libs/hover.css/2.1.0/css/hover-min.css]
[necesario.in/images/favicon.png]
[necesario.in/css/index.css]
[necesario.in/js/index.js]
[backblue.gif]
[fade.gif]
[index.html]
[necesario.in/images/logo.png]
[img.youtube.com/vi/UDYzoeTzm_4/sddefault.jpg]
[necesario.in/images/AI_vector2.png]
[necesario.in/images/auto_vector2.png]
[necesario.in/images/wifi_vector2.png]
[necesario.in/images/queue_vector2.png]
[necesario.in/images/team/ia2.png]
[necesario.in/images/team/kd2.png]
[necesario.in/images/1com.gif]
[necesario.in/images/team/nt2.png]
[necesario.in/images/testimonial/vijay_rupani2.png]
[necesario.in/images/testimonial/rashmi_bansal2.png]
[necesario.in/images/si.png]
[necesario.in/images/mf.png]
[necesario.in/images/mm.png]
[necesario.in/images/mu2.png]
[necesario.in/images/ssip.png]
[necesario.in/images/IIT_Gandhinagar_Logo2.png]
[necesario.in/images/dw2.png]
[necesario.in/images/cii.png]
[necesario.in/images/map.png]
[cdn.jsdelivr.net/npm/bootstrap@5.0.0-beta1/dist/js/bootstrap.bundle.min.js]
[cdnjs.cloudflare.com/ajax/libs/aos/2.3.4/aos.js]
[www.gstatic.com/firebasejs/8.2.4/firebase-app.js]
[www.gstatic.com/firebasejs/8.2.4/firebase-analytics.js]
[necesario.in/index.html]
[cdn.jsdelivr.net/npm/bootstrap@5.0.0-beta1/dist/css/bootstrap.min.css]
[cdnjs.cloudflare.com/ajax/libs/font-awesome/5.15.1/css/all.min.css]
[cdnjs.cloudflare.com/ajax/libs/aos/2.3.4/aos.css]
[cdnjs.cloudflare.com/ajax/libs/hover.css/2.1.0/css/hover-min.css]
[necesario.in/css/index.css]
[necesario.in/images/bgc.png]
